This file contains any messages produced by compilers while
running configure, to aid debugging if configure makes a mistake.

It was created by SparseMFEFold configure 0.5, which was
generated by GNU Autoconf 2.69.  Invocation command line was

  $ ./configure --prefix=/home/mgray7/includes/sparsemfe PKG_CONFIG_PATH=/home/mgray7/ViennaRNA-2.4.14 CPPFLAGS=-I/home/mgray7/includes/vienna

## --------- ##
## Platform. ##
## --------- ##

hostname = cedar5.cedar.computecanada.ca
uname -m = x86_64
uname -r = 3.10.0-1062.12.1.el7.x86_64
uname -s = Linux
uname -v = #1 SMP Tue Feb 4 23:02:59 UTC 2020

/usr/bin/uname -p = x86_64
/bin/uname -X     = unknown

/bin/arch              = x86_64
/usr/bin/arch -k       = unknown
/usr/convex/getsysinfo = unknown
/usr/bin/hostinfo      = unknown
/bin/machine           = unknown
/usr/bin/oslevel       = unknown
/bin/universe          = unknown

PATH: /opt/software/bin
PATH: /opt/software/slurm/bin
PATH: /home/mgray7/.vscode-server/bin/2af051012b66169dde0c4dfae3f5ef48f787ff69/bin
PATH: /opt/software/bin
PATH: /opt/software/slurm/bin
PATH: /home/mgray7/.vscode-server/bin/2af051012b66169dde0c4dfae3f5ef48f787ff69/bin
PATH: /cvmfs/soft.computecanada.ca/easybuild/software/2017/avx2/Compiler/intel2016.4/openmpi/2.1.1/bin
PATH: /cvmfs/restricted.computecanada.ca/easybuild/software/2017/Core/ifort/2016.4.258/compilers_and_libraries_2016.4.258/linux/bin/intel64
PATH: /cvmfs/restricted.computecanada.ca/easybuild/software/2017/Core/icc/2016.4.258/compilers_and_libraries_2016.4.258/linux/bin/intel64
PATH: /cvmfs/soft.computecanada.ca/nix/var/nix/profiles/gcc-5.4.0/bin
PATH: /cvmfs/restricted.computecanada.ca/easybuild/software/2017/Core/imkl/11.3.4.258/mkl/bin
PATH: /cvmfs/restricted.computecanada.ca/easybuild/software/2017/Core/imkl/11.3.4.258/bin
PATH: /cvmfs/soft.computecanada.ca/custom/bin/computecanada
PATH: /cvmfs/soft.computecanada.ca/easybuild/bin
PATH: /cvmfs/soft.computecanada.ca/custom/bin
PATH: /cvmfs/soft.computecanada.ca/nix/var/nix/profiles/16.09/bin
PATH: /cvmfs/soft.computecanada.ca/nix/var/nix/profiles/16.09/sbin
PATH: /opt/software/bin
PATH: /opt/software/slurm/bin
PATH: /usr/local/bin
PATH: /usr/bin
PATH: /opt/puppetlabs/bin
PATH: /usr/local/sbin
PATH: /usr/sbin
PATH: /home/mgray7/.local/bin
PATH: /home/mgray7/bin


## ----------- ##
## Core tests. ##
## ----------- ##

configure:2295: checking for a BSD-compatible install
configure:2363: result: /cvmfs/soft.computecanada.ca/custom/bin/install -c
configure:2374: checking whether build environment is sane
configure:2429: result: yes
configure:2580: checking for a thread-safe mkdir -p
configure:2619: result: /cvmfs/soft.computecanada.ca/nix/var/nix/profiles/16.09/bin/mkdir -p
configure:2626: checking for gawk
configure:2642: found /cvmfs/soft.computecanada.ca/nix/var/nix/profiles/16.09/bin/gawk
configure:2653: result: gawk
configure:2664: checking whether make sets $(MAKE)
configure:2686: result: yes
configure:2715: checking whether make supports nested variables
configure:2732: result: yes
configure:2918: checking for g++
configure:2934: found /cvmfs/soft.computecanada.ca/nix/var/nix/profiles/gcc-5.4.0/bin/g++
configure:2945: result: g++
configure:2972: checking for C++ compiler version
configure:2981: g++ --version >&5
g++ (GCC) 5.4.0
Copyright (C) 2015 Free Software Foundation, Inc.
This is free software; see the source for copying conditions.  There is NO
warranty; not even for MERCHANTABILITY or FITNESS FOR A PARTICULAR PURPOSE.

configure:2992: $? = 0
configure:2981: g++ -v >&5
Using built-in specs.
COLLECT_GCC=g++
COLLECT_LTO_WRAPPER=/cvmfs/soft.computecanada.ca/nix/store/m64vdgyzr1d29j8372iibl2m3ixg2f0d-gfortran-5.4.0/libexec/gcc/x86_64-unknown-linux-gnu/5.4.0/lto-wrapper
Target: x86_64-unknown-linux-gnu
Configured with: 
Thread model: posix
gcc version 5.4.0 (GCC) 
configure:2992: $? = 0
configure:2981: g++ -V >&5
g++: error: unrecognized command line option '-V'
g++: fatal error: no input files
compilation terminated.
configure:2992: $? = 1
configure:2981: g++ -qversion >&5
g++: error: unrecognized command line option '-qversion'
g++: fatal error: no input files
compilation terminated.
configure:2992: $? = 1
configure:3012: checking whether the C++ compiler works
configure:3034: g++  -I/home/mgray7/includes/vienna  conftest.cpp  >&5
configure:3038: $? = 0
configure:3086: result: yes
configure:3089: checking for C++ compiler default output file name
configure:3091: result: a.out
configure:3097: checking for suffix of executables
configure:3104: g++ -o conftest  -I/home/mgray7/includes/vienna  conftest.cpp  >&5
configure:3108: $? = 0
configure:3130: result: 
configure:3152: checking whether we are cross compiling
configure:3160: g++ -o conftest  -I/home/mgray7/includes/vienna  conftest.cpp  >&5
configure:3164: $? = 0
configure:3171: ./conftest
configure:3175: $? = 0
configure:3190: result: no
configure:3195: checking for suffix of object files
configure:3217: g++ -c  -I/home/mgray7/includes/vienna conftest.cpp >&5
configure:3221: $? = 0
configure:3242: result: o
configure:3246: checking whether we are using the GNU C++ compiler
configure:3265: g++ -c  -I/home/mgray7/includes/vienna conftest.cpp >&5
configure:3265: $? = 0
configure:3274: result: yes
configure:3283: checking whether g++ accepts -g
configure:3303: g++ -c -g -I/home/mgray7/includes/vienna conftest.cpp >&5
configure:3303: $? = 0
configure:3344: result: yes
configure:3378: checking for style of include used by make
configure:3406: result: GNU
configure:3432: checking dependency style of g++
configure:3543: result: gcc3
configure:3606: checking for gcc
configure:3622: found /cvmfs/soft.computecanada.ca/nix/var/nix/profiles/gcc-5.4.0/bin/gcc
configure:3633: result: gcc
configure:3862: checking for C compiler version
configure:3871: gcc --version >&5
gcc (GCC) 5.4.0
Copyright (C) 2015 Free Software Foundation, Inc.
This is free software; see the source for copying conditions.  There is NO
warranty; not even for MERCHANTABILITY or FITNESS FOR A PARTICULAR PURPOSE.

configure:3882: $? = 0
configure:3871: gcc -v >&5
Using built-in specs.
COLLECT_GCC=gcc
COLLECT_LTO_WRAPPER=/cvmfs/soft.computecanada.ca/nix/store/m64vdgyzr1d29j8372iibl2m3ixg2f0d-gfortran-5.4.0/libexec/gcc/x86_64-unknown-linux-gnu/5.4.0/lto-wrapper
Target: x86_64-unknown-linux-gnu
Configured with: 
Thread model: posix
gcc version 5.4.0 (GCC) 
configure:3882: $? = 0
configure:3871: gcc -V >&5
gcc: error: unrecognized command line option '-V'
gcc: fatal error: no input files
compilation terminated.
configure:3882: $? = 1
configure:3871: gcc -qversion >&5
gcc: error: unrecognized command line option '-qversion'
gcc: fatal error: no input files
compilation terminated.
configure:3882: $? = 1
configure:3886: checking whether we are using the GNU C compiler
configure:3905: gcc -c  -I/home/mgray7/includes/vienna conftest.c >&5
configure:3905: $? = 0
configure:3914: result: yes
configure:3923: checking whether gcc accepts -g
configure:3943: gcc -c -g -I/home/mgray7/includes/vienna conftest.c >&5
configure:3943: $? = 0
configure:3984: result: yes
configure:4001: checking for gcc option to accept ISO C89
configure:4064: gcc  -c -g -O2 -I/home/mgray7/includes/vienna conftest.c >&5
configure:4064: $? = 0
configure:4077: result: none needed
configure:4102: checking whether gcc understands -c and -o together
configure:4124: gcc -c conftest.c -o conftest2.o
configure:4127: $? = 0
configure:4124: gcc -c conftest.c -o conftest2.o
configure:4127: $? = 0
configure:4139: result: yes
configure:4158: checking dependency style of gcc
configure:4269: result: gcc3
configure:4293: checking whether g++ supports C++11 features by default
configure:4348: g++ -c -g -O2 -I/home/mgray7/includes/vienna conftest.cpp >&5
conftest.cpp:15:21: error: expected identifier before 'sizeof'
       static_assert(sizeof(int) <= sizeof(T), "not big enough");
                     ^
conftest.cpp:15:21: error: expected ',' or '...' before 'sizeof'
conftest.cpp:15:63: error: ISO C++ forbids declaration of 'static_assert' with no type [-fpermissive]
       static_assert(sizeof(int) <= sizeof(T), "not big enough");
                                                               ^
conftest.cpp:22:20: warning: override controls (override/final) only available with -std=c++11 or -std=gnu++11
     virtual void f() override {}
                    ^
conftest.cpp:25:29: error: '>>' should be '> >' within a nested template argument list
     typedef check<check<bool>> right_angle_brackets;
                             ^
conftest.cpp:28:13: error: expected constructor, destructor, or type conversion before '(' token
     decltype(a) b;
             ^
conftest.cpp:32:15: error: expected unqualified-id before '&&' token
     check_type&& cr = static_cast<check_type&&>(c);
               ^
conftest.cpp:34:10: error: 'd' does not name a type
     auto d = a;
          ^
conftest.cpp:35:10: error: 'l' does not name a type
     auto l = [](){};
          ^
conftest.cpp:43:9: error: expected unqualified-id before 'using'
         using member = typename T::member_type;
         ^
conftest.cpp:49:19: error: variable or field 'func' declared void
         void func(member<T>*) {}
                   ^
conftest.cpp:49:19: error: 'member' was not declared in this scope
conftest.cpp:49:27: error: expected primary-expression before '>' token
         void func(member<T>*) {}
                           ^
conftest.cpp:49:29: error: expected primary-expression before ')' token
         void func(member<T>*) {}
                             ^
configure:4348: $? = 1
configure: failed program was:
| /* confdefs.h */
| #define PACKAGE_NAME "SparseMFEFold"
| #define PACKAGE_TARNAME "sparsemfefold"
| #define PACKAGE_VERSION "0.5"
| #define PACKAGE_STRING "SparseMFEFold 0.5"
| #define PACKAGE_BUGREPORT ""
| #define PACKAGE_URL ""
| #define PACKAGE "sparsemfefold"
| #define VERSION "0.5"
| /* end confdefs.h.  */
| 
|   template <typename T>
|     struct check
|     {
|       static_assert(sizeof(int) <= sizeof(T), "not big enough");
|     };
| 
|     struct Base {
|     virtual void f() {}
|     };
|     struct Child : public Base {
|     virtual void f() override {}
|     };
| 
|     typedef check<check<bool>> right_angle_brackets;
| 
|     int a;
|     decltype(a) b;
| 
|     typedef check<int> check_type;
|     check_type c;
|     check_type&& cr = static_cast<check_type&&>(c);
| 
|     auto d = a;
|     auto l = [](){};
| 
|     // http://stackoverflow.com/questions/13728184/template-aliases-and-sfinae
|     // Clang 3.1 fails with headers of libstd++ 4.8.3 when using std::function because of this
|     namespace test_template_alias_sfinae {
|         struct foo {};
| 
|         template<typename T>
|         using member = typename T::member_type;
| 
|         template<typename T>
|         void func(...) {}
| 
|         template<typename T>
|         void func(member<T>*) {}
| 
|         void test();
| 
|         void test() {
|             func<foo>(0);
|         }
|     }
| 
configure:4355: result: no
configure:4364: checking whether g++ supports C++11 features with -std=gnu++11
configure:4421: g++ -c -g -O2 -std=gnu++11 -I/home/mgray7/includes/vienna conftest.cpp >&5
configure:4421: $? = 0
configure:4430: result: yes
configure:4556: checking how to run the C++ preprocessor
configure:4583: g++ -E -I/home/mgray7/includes/vienna conftest.cpp
configure:4583: $? = 0
configure:4597: g++ -E -I/home/mgray7/includes/vienna conftest.cpp
conftest.cpp:11:28: fatal error: ac_nonexistent.h: No such file or directory
compilation terminated.
configure:4597: $? = 1
configure: failed program was:
| /* confdefs.h */
| #define PACKAGE_NAME "SparseMFEFold"
| #define PACKAGE_TARNAME "sparsemfefold"
| #define PACKAGE_VERSION "0.5"
| #define PACKAGE_STRING "SparseMFEFold 0.5"
| #define PACKAGE_BUGREPORT ""
| #define PACKAGE_URL ""
| #define PACKAGE "sparsemfefold"
| #define VERSION "0.5"
| /* end confdefs.h.  */
| #include <ac_nonexistent.h>
configure:4622: result: g++ -E
configure:4642: g++ -E -I/home/mgray7/includes/vienna conftest.cpp
configure:4642: $? = 0
configure:4656: g++ -E -I/home/mgray7/includes/vienna conftest.cpp
conftest.cpp:11:28: fatal error: ac_nonexistent.h: No such file or directory
compilation terminated.
configure:4656: $? = 1
configure: failed program was:
| /* confdefs.h */
| #define PACKAGE_NAME "SparseMFEFold"
| #define PACKAGE_TARNAME "sparsemfefold"
| #define PACKAGE_VERSION "0.5"
| #define PACKAGE_STRING "SparseMFEFold 0.5"
| #define PACKAGE_BUGREPORT ""
| #define PACKAGE_URL ""
| #define PACKAGE "sparsemfefold"
| #define VERSION "0.5"
| /* end confdefs.h.  */
| #include <ac_nonexistent.h>
configure:4685: checking for grep that handles long lines and -e
configure:4743: result: /cvmfs/soft.computecanada.ca/nix/var/nix/profiles/16.09/bin/grep
configure:4748: checking for egrep
configure:4810: result: /cvmfs/soft.computecanada.ca/nix/var/nix/profiles/16.09/bin/grep -E
configure:4815: checking for ANSI C header files
configure:4835: g++ -c -g -O2 -std=gnu++11 -I/home/mgray7/includes/vienna conftest.cpp >&5
configure:4835: $? = 0
configure:4908: g++ -o conftest -g -O2 -std=gnu++11 -I/home/mgray7/includes/vienna  conftest.cpp  >&5
configure:4908: $? = 0
configure:4908: ./conftest
configure:4908: $? = 0
configure:4919: result: yes
configure:4940: checking for strdup
configure:4940: g++ -o conftest -g -O2 -std=gnu++11 -I/home/mgray7/includes/vienna  conftest.cpp  >&5
configure:4940: $? = 0
configure:4940: result: yes
configure:4940: checking for strstr
configure:4940: g++ -o conftest -g -O2 -std=gnu++11 -I/home/mgray7/includes/vienna  conftest.cpp  >&5
configure:4940: $? = 0
configure:4940: result: yes
configure:4940: checking for strchr
configure:4940: g++ -o conftest -g -O2 -std=gnu++11 -I/home/mgray7/includes/vienna  conftest.cpp  >&5
configure:4940: $? = 0
configure:4940: result: yes
configure:4940: checking for erand48
configure:4940: g++ -o conftest -g -O2 -std=gnu++11 -I/home/mgray7/includes/vienna  conftest.cpp  >&5
configure:4940: $? = 0
configure:4940: result: yes
configure:5058: checking for doxygen
configure:5076: found /cvmfs/soft.computecanada.ca/nix/var/nix/profiles/16.09/bin/doxygen
configure:5088: result: /cvmfs/soft.computecanada.ca/nix/var/nix/profiles/16.09/bin/doxygen
configure:5164: checking for perl
configure:5182: found /cvmfs/soft.computecanada.ca/nix/var/nix/profiles/16.09/bin/perl
configure:5194: result: /cvmfs/soft.computecanada.ca/nix/var/nix/profiles/16.09/bin/perl
configure:5337: checking for dot
configure:5355: found /cvmfs/soft.computecanada.ca/nix/var/nix/profiles/16.09/bin/dot
configure:5367: result: /cvmfs/soft.computecanada.ca/nix/var/nix/profiles/16.09/bin/dot
configure:6888: checking whether to build with debug information
configure:6897: result: no
configure:6913: checking for gengetopt
configure:6941: result: false
configure:6953: checking for pkg-config
configure:6969: found /cvmfs/soft.computecanada.ca/nix/var/nix/profiles/16.09/bin/pkg-config
configure:6981: result: true
configure:7046: checking for pkg-config
configure:7064: found /cvmfs/soft.computecanada.ca/nix/var/nix/profiles/16.09/bin/pkg-config
configure:7076: result: /cvmfs/soft.computecanada.ca/nix/var/nix/profiles/16.09/bin/pkg-config
configure:7101: checking pkg-config is at least version 0.9.0
configure:7104: result: yes
configure:7116: checking for VRNA
configure:7123: $PKG_CONFIG --exists --print-errors "RNAlib2 >= 2.2.5"
configure:7126: $? = 0
configure:7140: $PKG_CONFIG --exists --print-errors "RNAlib2 >= 2.2.5"
configure:7143: $? = 0
configure:7181: result: yes
configure:7192: checking whether to link statically
configure:7201: result: no
configure:7213: checking for sys/types.h
configure:7213: g++ -c -pthread -I/home/mgray7/includes/vienna/include -I/home/mgray7/includes/vienna/include/ViennaRNA -g -O2 -std=gnu++11 -O3 -fomit-frame-pointer -I/home/mgray7/includes/vienna conftest.cpp >&5
configure:7213: $? = 0
configure:7213: result: yes
configure:7213: checking for sys/stat.h
configure:7213: g++ -c -pthread -I/home/mgray7/includes/vienna/include -I/home/mgray7/includes/vienna/include/ViennaRNA -g -O2 -std=gnu++11 -O3 -fomit-frame-pointer -I/home/mgray7/includes/vienna conftest.cpp >&5
configure:7213: $? = 0
configure:7213: result: yes
configure:7213: checking for stdlib.h
configure:7213: g++ -c -pthread -I/home/mgray7/includes/vienna/include -I/home/mgray7/includes/vienna/include/ViennaRNA -g -O2 -std=gnu++11 -O3 -fomit-frame-pointer -I/home/mgray7/includes/vienna conftest.cpp >&5
configure:7213: $? = 0
configure:7213: result: yes
configure:7213: checking for string.h
configure:7213: g++ -c -pthread -I/home/mgray7/includes/vienna/include -I/home/mgray7/includes/vienna/include/ViennaRNA -g -O2 -std=gnu++11 -O3 -fomit-frame-pointer -I/home/mgray7/includes/vienna conftest.cpp >&5
configure:7213: $? = 0
configure:7213: result: yes
configure:7213: checking for memory.h
configure:7213: g++ -c -pthread -I/home/mgray7/includes/vienna/include -I/home/mgray7/includes/vienna/include/ViennaRNA -g -O2 -std=gnu++11 -O3 -fomit-frame-pointer -I/home/mgray7/includes/vienna conftest.cpp >&5
configure:7213: $? = 0
configure:7213: result: yes
configure:7213: checking for strings.h
configure:7213: g++ -c -pthread -I/home/mgray7/includes/vienna/include -I/home/mgray7/includes/vienna/include/ViennaRNA -g -O2 -std=gnu++11 -O3 -fomit-frame-pointer -I/home/mgray7/includes/vienna conftest.cpp >&5
configure:7213: $? = 0
configure:7213: result: yes
configure:7213: checking for inttypes.h
configure:7213: g++ -c -pthread -I/home/mgray7/includes/vienna/include -I/home/mgray7/includes/vienna/include/ViennaRNA -g -O2 -std=gnu++11 -O3 -fomit-frame-pointer -I/home/mgray7/includes/vienna conftest.cpp >&5
configure:7213: $? = 0
configure:7213: result: yes
configure:7213: checking for stdint.h
configure:7213: g++ -c -pthread -I/home/mgray7/includes/vienna/include -I/home/mgray7/includes/vienna/include/ViennaRNA -g -O2 -std=gnu++11 -O3 -fomit-frame-pointer -I/home/mgray7/includes/vienna conftest.cpp >&5
configure:7213: $? = 0
configure:7213: result: yes
configure:7213: checking for unistd.h
configure:7213: g++ -c -pthread -I/home/mgray7/includes/vienna/include -I/home/mgray7/includes/vienna/include/ViennaRNA -g -O2 -std=gnu++11 -O3 -fomit-frame-pointer -I/home/mgray7/includes/vienna conftest.cpp >&5
configure:7213: $? = 0
configure:7213: result: yes
configure:7225: checking for stdbool.h that conforms to C99
configure:7292: g++ -c -pthread -I/home/mgray7/includes/vienna/include -I/home/mgray7/includes/vienna/include/ViennaRNA -g -O2 -std=gnu++11 -O3 -fomit-frame-pointer -I/home/mgray7/includes/vienna conftest.cpp >&5
conftest.cpp:30:15: error: expected unqualified-id before string constant
               "error: bool is not defined"
               ^
conftest.cpp:48:48: error: 's' does not name a type
              struct s { _Bool s: 1; _Bool t; } s;
                                                ^
conftest.cpp:58:28: error: 's' was not declared in this scope
              char i[sizeof s.t];
                            ^
conftest.cpp: In function 'int main()':
conftest.cpp:76:24: error: 's' was not declared in this scope
              bool e = &s;
                        ^
conftest.cpp:80:63: error: 'i' was not declared in this scope
              return (!a + !b + !c + !d + !e + !f + !g + !h + !i + !!j + !k + !!l
                                                               ^
configure:7292: $? = 1
configure: failed program was:
| /* confdefs.h */
| #define PACKAGE_NAME "SparseMFEFold"
| #define PACKAGE_TARNAME "sparsemfefold"
| #define PACKAGE_VERSION "0.5"
| #define PACKAGE_STRING "SparseMFEFold 0.5"
| #define PACKAGE_BUGREPORT ""
| #define PACKAGE_URL ""
| #define PACKAGE "sparsemfefold"
| #define VERSION "0.5"
| #define STDC_HEADERS 1
| #define UNUSED __attribute__ ((unused))
| #define HAVE_STRDUP 1
| #define HAVE_STRSTR 1
| #define HAVE_STRCHR 1
| #define HAVE_ERAND48 1
| #define NDEBUG /**/
| #define HAVE_SYS_TYPES_H 1
| #define HAVE_SYS_STAT_H 1
| #define HAVE_STDLIB_H 1
| #define HAVE_STRING_H 1
| #define HAVE_MEMORY_H 1
| #define HAVE_STRINGS_H 1
| #define HAVE_INTTYPES_H 1
| #define HAVE_STDINT_H 1
| #define HAVE_UNISTD_H 1
| /* end confdefs.h.  */
| 
|              #include <stdbool.h>
|              #ifndef bool
|               "error: bool is not defined"
|              #endif
|              #ifndef false
|               "error: false is not defined"
|              #endif
|              #if false
|               "error: false is not 0"
|              #endif
|              #ifndef true
|               "error: true is not defined"
|              #endif
|              #if true != 1
|               "error: true is not 1"
|              #endif
|              #ifndef __bool_true_false_are_defined
|               "error: __bool_true_false_are_defined is not defined"
|              #endif
| 
|              struct s { _Bool s: 1; _Bool t; } s;
| 
|              char a[true == 1 ? 1 : -1];
|              char b[false == 0 ? 1 : -1];
|              char c[__bool_true_false_are_defined == 1 ? 1 : -1];
|              char d[(bool) 0.5 == true ? 1 : -1];
|              /* See body of main program for 'e'.  */
|              char f[(_Bool) 0.0 == false ? 1 : -1];
|              char g[true];
|              char h[sizeof (_Bool)];
|              char i[sizeof s.t];
|              enum { j = false, k = true, l = false * true, m = true * 256 };
|              /* The following fails for
|                 HP aC++/ANSI C B3910B A.05.55 [Dec 04 2003]. */
|              _Bool n[m];
|              char o[sizeof n == m * sizeof n[0] ? 1 : -1];
|              char p[-1 - (_Bool) 0 < 0 && -1 - (bool) 0 < 0 ? 1 : -1];
|              /* Catch a bug in an HP-UX C compiler.  See
|                 http://gcc.gnu.org/ml/gcc-patches/2003-12/msg02303.html
|                 http://lists.gnu.org/archive/html/bug-coreutils/2005-11/msg00161.html
|               */
|              _Bool q = true;
|              _Bool *pq = &q;
| 
| int
| main ()
| {
| 
|              bool e = &s;
|              *pq |= q;
|              *pq |= ! q;
|              /* Refer to every declared value, to avoid compiler optimizations.  */
|              return (!a + !b + !c + !d + !e + !f + !g + !h + !i + !!j + !k + !!l
|                      + !m + !n + !o + !p + !q + !pq);
| 
|   ;
|   return 0;
| }
configure:7299: result: no
configure:7301: checking for _Bool
configure:7301: g++ -c -pthread -I/home/mgray7/includes/vienna/include -I/home/mgray7/includes/vienna/include/ViennaRNA -g -O2 -std=gnu++11 -O3 -fomit-frame-pointer -I/home/mgray7/includes/vienna conftest.cpp >&5
conftest.cpp: In function 'int main()':
conftest.cpp:63:13: error: '_Bool' was not declared in this scope
 if (sizeof (_Bool))
             ^
configure:7301: $? = 1
configure: failed program was:
| /* confdefs.h */
| #define PACKAGE_NAME "SparseMFEFold"
| #define PACKAGE_TARNAME "sparsemfefold"
| #define PACKAGE_VERSION "0.5"
| #define PACKAGE_STRING "SparseMFEFold 0.5"
| #define PACKAGE_BUGREPORT ""
| #define PACKAGE_URL ""
| #define PACKAGE "sparsemfefold"
| #define VERSION "0.5"
| #define STDC_HEADERS 1
| #define UNUSED __attribute__ ((unused))
| #define HAVE_STRDUP 1
| #define HAVE_STRSTR 1
| #define HAVE_STRCHR 1
| #define HAVE_ERAND48 1
| #define NDEBUG /**/
| #define HAVE_SYS_TYPES_H 1
| #define HAVE_SYS_STAT_H 1
| #define HAVE_STDLIB_H 1
| #define HAVE_STRING_H 1
| #define HAVE_MEMORY_H 1
| #define HAVE_STRINGS_H 1
| #define HAVE_INTTYPES_H 1
| #define HAVE_STDINT_H 1
| #define HAVE_UNISTD_H 1
| /* end confdefs.h.  */
| #include <stdio.h>
| #ifdef HAVE_SYS_TYPES_H
| # include <sys/types.h>
| #endif
| #ifdef HAVE_SYS_STAT_H
| # include <sys/stat.h>
| #endif
| #ifdef STDC_HEADERS
| # include <stdlib.h>
| # include <stddef.h>
| #else
| # ifdef HAVE_STDLIB_H
| #  include <stdlib.h>
| # endif
| #endif
| #ifdef HAVE_STRING_H
| # if !defined STDC_HEADERS && defined HAVE_MEMORY_H
| #  include <memory.h>
| # endif
| # include <string.h>
| #endif
| #ifdef HAVE_STRINGS_H
| # include <strings.h>
| #endif
| #ifdef HAVE_INTTYPES_H
| # include <inttypes.h>
| #endif
| #ifdef HAVE_STDINT_H
| # include <stdint.h>
| #endif
| #ifdef HAVE_UNISTD_H
| # include <unistd.h>
| #endif
| int
| main ()
| {
| if (sizeof (_Bool))
| 	 return 0;
|   ;
|   return 0;
| }
configure:7301: result: no
configure:7318: checking for an ANSI C-conforming const
configure:7384: g++ -c -pthread -I/home/mgray7/includes/vienna/include -I/home/mgray7/includes/vienna/include/ViennaRNA -g -O2 -std=gnu++11 -O3 -fomit-frame-pointer -I/home/mgray7/includes/vienna conftest.cpp >&5
configure:7384: $? = 0
configure:7391: result: yes
configure:7399: checking for size_t
configure:7399: g++ -c -pthread -I/home/mgray7/includes/vienna/include -I/home/mgray7/includes/vienna/include/ViennaRNA -g -O2 -std=gnu++11 -O3 -fomit-frame-pointer -I/home/mgray7/includes/vienna conftest.cpp >&5
configure:7399: $? = 0
configure:7399: g++ -c -pthread -I/home/mgray7/includes/vienna/include -I/home/mgray7/includes/vienna/include/ViennaRNA -g -O2 -std=gnu++11 -O3 -fomit-frame-pointer -I/home/mgray7/includes/vienna conftest.cpp >&5
conftest.cpp: In function 'int main()':
conftest.cpp:63:20: error: expected primary-expression before ')' token
 if (sizeof ((size_t)))
                    ^
configure:7399: $? = 1
configure: failed program was:
| /* confdefs.h */
| #define PACKAGE_NAME "SparseMFEFold"
| #define PACKAGE_TARNAME "sparsemfefold"
| #define PACKAGE_VERSION "0.5"
| #define PACKAGE_STRING "SparseMFEFold 0.5"
| #define PACKAGE_BUGREPORT ""
| #define PACKAGE_URL ""
| #define PACKAGE "sparsemfefold"
| #define VERSION "0.5"
| #define STDC_HEADERS 1
| #define UNUSED __attribute__ ((unused))
| #define HAVE_STRDUP 1
| #define HAVE_STRSTR 1
| #define HAVE_STRCHR 1
| #define HAVE_ERAND48 1
| #define NDEBUG /**/
| #define HAVE_SYS_TYPES_H 1
| #define HAVE_SYS_STAT_H 1
| #define HAVE_STDLIB_H 1
| #define HAVE_STRING_H 1
| #define HAVE_MEMORY_H 1
| #define HAVE_STRINGS_H 1
| #define HAVE_INTTYPES_H 1
| #define HAVE_STDINT_H 1
| #define HAVE_UNISTD_H 1
| /* end confdefs.h.  */
| #include <stdio.h>
| #ifdef HAVE_SYS_TYPES_H
| # include <sys/types.h>
| #endif
| #ifdef HAVE_SYS_STAT_H
| # include <sys/stat.h>
| #endif
| #ifdef STDC_HEADERS
| # include <stdlib.h>
| # include <stddef.h>
| #else
| # ifdef HAVE_STDLIB_H
| #  include <stdlib.h>
| # endif
| #endif
| #ifdef HAVE_STRING_H
| # if !defined STDC_HEADERS && defined HAVE_MEMORY_H
| #  include <memory.h>
| # endif
| # include <string.h>
| #endif
| #ifdef HAVE_STRINGS_H
| # include <strings.h>
| #endif
| #ifdef HAVE_INTTYPES_H
| # include <inttypes.h>
| #endif
| #ifdef HAVE_STDINT_H
| # include <stdint.h>
| #endif
| #ifdef HAVE_UNISTD_H
| # include <unistd.h>
| #endif
| int
| main ()
| {
| if (sizeof ((size_t)))
| 	    return 0;
|   ;
|   return 0;
| }
configure:7399: result: yes
configure:7435: 
configure:7437: error: gengetopt is required for compilation. Please install.

## ---------------- ##
## Cache variables. ##
## ---------------- ##

ac_cv_c_compiler_gnu=yes
ac_cv_c_const=yes
ac_cv_cxx_compiler_gnu=yes
ac_cv_env_CCC_set=
ac_cv_env_CCC_value=
ac_cv_env_CC_set=
ac_cv_env_CC_value=
ac_cv_env_CFLAGS_set=
ac_cv_env_CFLAGS_value=
ac_cv_env_CPPFLAGS_set=set
ac_cv_env_CPPFLAGS_value=-I/home/mgray7/includes/vienna
ac_cv_env_CXXCPP_set=
ac_cv_env_CXXCPP_value=
ac_cv_env_CXXFLAGS_set=
ac_cv_env_CXXFLAGS_value=
ac_cv_env_CXX_set=
ac_cv_env_CXX_value=
ac_cv_env_DOXYGEN_PAPER_SIZE_set=
ac_cv_env_DOXYGEN_PAPER_SIZE_value=
ac_cv_env_LDFLAGS_set=
ac_cv_env_LDFLAGS_value=
ac_cv_env_LIBS_set=
ac_cv_env_LIBS_value=
ac_cv_env_PKG_CONFIG_LIBDIR_set=
ac_cv_env_PKG_CONFIG_LIBDIR_value=
ac_cv_env_PKG_CONFIG_PATH_set=set
ac_cv_env_PKG_CONFIG_PATH_value=/home/mgray7/ViennaRNA-2.4.14
ac_cv_env_PKG_CONFIG_set=
ac_cv_env_PKG_CONFIG_value=
ac_cv_env_VRNA_CFLAGS_set=
ac_cv_env_VRNA_CFLAGS_value=
ac_cv_env_VRNA_LIBS_set=
ac_cv_env_VRNA_LIBS_value=
ac_cv_env_build_alias_set=
ac_cv_env_build_alias_value=
ac_cv_env_host_alias_set=
ac_cv_env_host_alias_value=
ac_cv_env_target_alias_set=
ac_cv_env_target_alias_value=
ac_cv_func_erand48=yes
ac_cv_func_strchr=yes
ac_cv_func_strdup=yes
ac_cv_func_strstr=yes
ac_cv_header_inttypes_h=yes
ac_cv_header_memory_h=yes
ac_cv_header_stdbool_h=no
ac_cv_header_stdc=yes
ac_cv_header_stdint_h=yes
ac_cv_header_stdlib_h=yes
ac_cv_header_string_h=yes
ac_cv_header_strings_h=yes
ac_cv_header_sys_stat_h=yes
ac_cv_header_sys_types_h=yes
ac_cv_header_unistd_h=yes
ac_cv_objext=o
ac_cv_path_EGREP='/cvmfs/soft.computecanada.ca/nix/var/nix/profiles/16.09/bin/grep -E'
ac_cv_path_GREP=/cvmfs/soft.computecanada.ca/nix/var/nix/profiles/16.09/bin/grep
ac_cv_path_ac_pt_DX_DOT=/cvmfs/soft.computecanada.ca/nix/var/nix/profiles/16.09/bin/dot
ac_cv_path_ac_pt_DX_DOXYGEN=/cvmfs/soft.computecanada.ca/nix/var/nix/profiles/16.09/bin/doxygen
ac_cv_path_ac_pt_DX_PERL=/cvmfs/soft.computecanada.ca/nix/var/nix/profiles/16.09/bin/perl
ac_cv_path_ac_pt_PKG_CONFIG=/cvmfs/soft.computecanada.ca/nix/var/nix/profiles/16.09/bin/pkg-config
ac_cv_path_install='/cvmfs/soft.computecanada.ca/custom/bin/install -c'
ac_cv_path_mkdir=/cvmfs/soft.computecanada.ca/nix/var/nix/profiles/16.09/bin/mkdir
ac_cv_prog_AWK=gawk
ac_cv_prog_CXXCPP='g++ -E'
ac_cv_prog_GENGETOPT_AVAILABLE=false
ac_cv_prog_PKG_CONFIG_AVAILABLE=true
ac_cv_prog_ac_ct_CC=gcc
ac_cv_prog_ac_ct_CXX=g++
ac_cv_prog_cc_c89=
ac_cv_prog_cc_g=yes
ac_cv_prog_cxx_g=yes
ac_cv_prog_make_make_set=yes
ac_cv_type__Bool=no
ac_cv_type_size_t=yes
am_cv_CC_dependencies_compiler_type=gcc3
am_cv_CXX_dependencies_compiler_type=gcc3
am_cv_make_support_nested_variables=yes
am_cv_prog_cc_c_o=yes
ax_cv_cxx_compile_cxx11=no
ax_cv_cxx_compile_cxx11__std_gnupp11=yes
pkg_cv_VRNA_CFLAGS='-pthread -I/home/mgray7/includes/vienna/include -I/home/mgray7/includes/vienna/include/ViennaRNA'
pkg_cv_VRNA_LIBS='-L/home/mgray7/includes/vienna/lib -lRNA -fopenmp -lmpfr -lgmp'

## ----------------- ##
## Output variables. ##
## ----------------- ##

ACLOCAL='${SHELL} /home/mgray7/sparsemfe/sparsemfefold/config/missing aclocal-1.15'
AMDEPBACKSLASH='\'
AMDEP_FALSE='#'
AMDEP_TRUE=''
AMTAR='$${TAR-tar}'
AM_BACKSLASH='\'
AM_DEFAULT_V='$(AM_DEFAULT_VERBOSITY)'
AM_DEFAULT_VERBOSITY='1'
AM_V='$(V)'
AUTOCONF='${SHELL} /home/mgray7/sparsemfe/sparsemfefold/config/missing autoconf'
AUTOHEADER='${SHELL} /home/mgray7/sparsemfe/sparsemfefold/config/missing autoheader'
AUTOMAKE='${SHELL} /home/mgray7/sparsemfe/sparsemfefold/config/missing automake-1.15'
AWK='gawk'
CC='gcc'
CCDEPMODE='depmode=gcc3'
CFLAGS='-g -O2'
CPPFLAGS='-I/home/mgray7/includes/vienna'
CXX='g++'
CXXCPP='g++ -E'
CXXDEPMODE='depmode=gcc3'
CXXFLAGS='-pthread -I/home/mgray7/includes/vienna/include -I/home/mgray7/includes/vienna/include/ViennaRNA -g -O2 -std=gnu++11 -O3 -fomit-frame-pointer'
CYGPATH_W='echo'
DEFS=''
DEPDIR='.deps'
DOXYGEN_PAPER_SIZE=''
DX_COND_chi_FALSE=''
DX_COND_chi_TRUE='#'
DX_COND_chm_FALSE=''
DX_COND_chm_TRUE='#'
DX_COND_doc_FALSE='#'
DX_COND_doc_TRUE=''
DX_COND_dot_FALSE='#'
DX_COND_dot_TRUE=''
DX_COND_html_FALSE='#'
DX_COND_html_TRUE=''
DX_COND_latex_FALSE=''
DX_COND_latex_TRUE='#'
DX_COND_man_FALSE=''
DX_COND_man_TRUE='#'
DX_COND_pdf_FALSE=''
DX_COND_pdf_TRUE='#'
DX_COND_ps_FALSE=''
DX_COND_ps_TRUE='#'
DX_COND_rtf_FALSE=''
DX_COND_rtf_TRUE='#'
DX_COND_xml_FALSE=''
DX_COND_xml_TRUE='#'
DX_CONFIG='Doxyfile'
DX_DOCDIR='doc'
DX_DOT='/cvmfs/soft.computecanada.ca/nix/var/nix/profiles/16.09/bin/dot'
DX_DOXYGEN='/cvmfs/soft.computecanada.ca/nix/var/nix/profiles/16.09/bin/doxygen'
DX_DVIPS=''
DX_EGREP=''
DX_ENV=' SRCDIR='\''.'\'' PROJECT='\''HybridPF'\'' DOCDIR='\''doc'\'' VERSION='\''0.5'\'' PERL_PATH='\''/cvmfs/soft.computecanada.ca/nix/var/nix/profiles/16.09/bin/perl'\'' HAVE_DOT='\''YES'\'' DOT_PATH='\''/cvmfs/soft.computecanada.ca/nix/var/nix/profiles/16.09/bin'\'' GENERATE_MAN='\''NO'\'' GENERATE_RTF='\''NO'\'' GENERATE_XML='\''NO'\'' GENERATE_HTMLHELP='\''NO'\'' GENERATE_CHI='\''NO'\'' GENERATE_HTML='\''YES'\'' GENERATE_LATEX='\''NO'\'''
DX_FLAG_DX_CURRENT_FEATURE=''
DX_FLAG_chi='0'
DX_FLAG_chm='0'
DX_FLAG_doc='1'
DX_FLAG_dot='1'
DX_FLAG_html='1'
DX_FLAG_man='0'
DX_FLAG_pdf='0'
DX_FLAG_ps='0'
DX_FLAG_rtf='0'
DX_FLAG_xml='0'
DX_HHC=''
DX_LATEX=''
DX_MAKEINDEX=''
DX_PDFLATEX=''
DX_PERL='/cvmfs/soft.computecanada.ca/nix/var/nix/profiles/16.09/bin/perl'
DX_PROJECT='HybridPF'
ECHO_C=''
ECHO_N='-n'
ECHO_T=''
EGREP='/cvmfs/soft.computecanada.ca/nix/var/nix/profiles/16.09/bin/grep -E'
EXEEXT=''
GENGETOPT_AVAILABLE='false'
GREP='/cvmfs/soft.computecanada.ca/nix/var/nix/profiles/16.09/bin/grep'
HAVE_CXX11=''
INSTALL_DATA='${INSTALL} -m 644'
INSTALL_PROGRAM='${INSTALL}'
INSTALL_SCRIPT='${INSTALL}'
INSTALL_STRIP_PROGRAM='$(install_sh) -c -s'
LDFLAGS=' '
LIBOBJS=''
LIBS='-L/home/mgray7/includes/vienna/lib -lRNA -fopenmp -lmpfr -lgmp '
LTLIBOBJS=''
MAKEINFO='${SHELL} /home/mgray7/sparsemfe/sparsemfefold/config/missing makeinfo'
MKDIR_P='/cvmfs/soft.computecanada.ca/nix/var/nix/profiles/16.09/bin/mkdir -p'
OBJEXT='o'
PACKAGE='sparsemfefold'
PACKAGE_BUGREPORT=''
PACKAGE_NAME='SparseMFEFold'
PACKAGE_STRING='SparseMFEFold 0.5'
PACKAGE_TARNAME='sparsemfefold'
PACKAGE_URL=''
PACKAGE_VERSION='0.5'
PATH_SEPARATOR=':'
PKG_CONFIG='/cvmfs/soft.computecanada.ca/nix/var/nix/profiles/16.09/bin/pkg-config'
PKG_CONFIG_AVAILABLE='true'
PKG_CONFIG_LIBDIR=''
PKG_CONFIG_PATH='/home/mgray7/ViennaRNA-2.4.14'
SET_MAKE=''
SHELL='/bin/sh'
STRIP=''
VERSION='0.5'
VRNA_CFLAGS='-pthread -I/home/mgray7/includes/vienna/include -I/home/mgray7/includes/vienna/include/ViennaRNA'
VRNA_LIBS='-L/home/mgray7/includes/vienna/lib -lRNA -fopenmp -lmpfr -lgmp'
ac_ct_CC='gcc'
ac_ct_CXX='g++'
am__EXEEXT_FALSE=''
am__EXEEXT_TRUE=''
am__fastdepCC_FALSE='#'
am__fastdepCC_TRUE=''
am__fastdepCXX_FALSE='#'
am__fastdepCXX_TRUE=''
am__include='include'
am__isrc=''
am__leading_dot='.'
am__nodep='_no'
am__quote=''
am__tar='$${TAR-tar} chof - "$$tardir"'
am__untar='$${TAR-tar} xf -'
bindir='${exec_prefix}/bin'
build_alias=''
datadir='${datarootdir}'
datarootdir='${prefix}/share'
docdir='${datarootdir}/doc/${PACKAGE_TARNAME}'
dvidir='${docdir}'
exec_prefix='NONE'
host_alias=''
htmldir='${docdir}'
includedir='${prefix}/include'
infodir='${datarootdir}/info'
install_sh='${SHELL} /home/mgray7/sparsemfe/sparsemfefold/config/install-sh'
libdir='${exec_prefix}/lib'
libexecdir='${exec_prefix}/libexec'
localedir='${datarootdir}/locale'
localstatedir='${prefix}/var'
mandir='${datarootdir}/man'
mkdir_p='$(MKDIR_P)'
oldincludedir='/usr/include'
pdfdir='${docdir}'
prefix='/home/mgray7/includes/sparsemfe'
program_transform_name='s,x,x,'
psdir='${docdir}'
sbindir='${exec_prefix}/sbin'
sharedstatedir='${prefix}/com'
sysconfdir='${prefix}/etc'
target_alias=''

## ----------- ##
## confdefs.h. ##
## ----------- ##

/* confdefs.h */
#define PACKAGE_NAME "SparseMFEFold"
#define PACKAGE_TARNAME "sparsemfefold"
#define PACKAGE_VERSION "0.5"
#define PACKAGE_STRING "SparseMFEFold 0.5"
#define PACKAGE_BUGREPORT ""
#define PACKAGE_URL ""
#define PACKAGE "sparsemfefold"
#define VERSION "0.5"
#define STDC_HEADERS 1
#define UNUSED __attribute__ ((unused))
#define HAVE_STRDUP 1
#define HAVE_STRSTR 1
#define HAVE_STRCHR 1
#define HAVE_ERAND48 1
#define NDEBUG /**/
#define HAVE_SYS_TYPES_H 1
#define HAVE_SYS_STAT_H 1
#define HAVE_STDLIB_H 1
#define HAVE_STRING_H 1
#define HAVE_MEMORY_H 1
#define HAVE_STRINGS_H 1
#define HAVE_INTTYPES_H 1
#define HAVE_STDINT_H 1
#define HAVE_UNISTD_H 1

configure: exit 1
